(node:12108) Warning: SECURITY WARNING: The SSL modes 'prefer', 'require', and 'verify-ca' are treated as aliases for 'verify-full'.
In the next major version (pg-connection-string v3.0.0 and pg v9.0.0), these modes will adopt standard libpq semantics, which have weaker security guarantees.

To prepare for this change:
- If you want the current behavior, explicitly use 'sslmode=verify-full'
- If you want libpq compatibility now, use 'uselibpqcompat=true&sslmode=require'

See https://www.postgresql.org/docs/current/libpq-ssl.html for libpq SSL mode definitions.
(Use `node --trace-warnings ...` to show where the warning was created)
COLUMNS INFO:
updated_at: Nullable=YES, Default=now(), Type=timestamp without time zone
professional_id: Nullable=NO, Default=null, Type=integer
end_date: Nullable=NO, Default=null, Type=date
created_at: Nullable=YES, Default=now(), Type=timestamp without time zone
id: Nullable=NO, Default=uuid_generate_v4(), Type=uuid
start_date: Nullable=NO, Default=null, Type=date
organization_id: Nullable=NO, Default=null, Type=text
reason: Nullable=NO, Default=null, Type=text
created_by: Nullable=YES, Default=null, Type=text

CONSTRAINTS:
blocked_days_pkey: PRIMARY KEY (id)
blocked_days_professional_id_fkey: FOREIGN KEY (professional_id) REFERENCES professionals(id) ON DELETE CASCADE
blocked_days_organization_id_fkey: FOREIGN KEY (organization_id) REFERENCES organization(id)
blocked_days_created_by_fkey: FOREIGN KEY (created_by) REFERENCES "user"(id)
